<?xml version="1.0" encoding="UTF-8"?>
<!-- Generated by org.testng.reporters.JUnitXMLReporter -->
<testsuite ignored="0" hostname="DESKTOP-JUVN070" failures="0" tests="4" name="Default test" time="3.573" errors="0" timestamp="2024-04-20T16:52:40 CDT">
  <testcase classname="api.test.User_Tests" name="test_Post_User" time="2.214"/>
  <testcase classname="api.test.User_Tests" name="test_Get_User_By_Name" time="0.277"/>
  <testcase classname="api.test.User_Tests" name="test_Update_User_By_Name" time="0.593"/>
  <testcase classname="api.test.User_Tests" name="test_Delete_User_By_Name" time="0.235"/>
</testsuite> <!-- Default test -->
