<?xml version="1.0" encoding="UTF-8"?>
<testng-results ignored="0" total="4" passed="4" failed="0" skipped="0">
  <reporter-output>
  </reporter-output>
  <suite started-at="2024-04-20T16:52:36 CDT" name="Default suite" finished-at="2024-04-20T16:52:40 CDT" duration-ms="3573">
    <groups>
    </groups>
    <test started-at="2024-04-20T16:52:36 CDT" name="Default test" finished-at="2024-04-20T16:52:40 CDT" duration-ms="3573">
      <class name="api.test.User_Tests">
        <test-method is-config="true" signature="setup_Data()[pri:0, instance:api.test.User_Tests@1bb5a082]" started-at="2024-04-20T16:52:36 CDT" name="setup_Data" finished-at="2024-04-20T16:52:37 CDT" duration-ms="205" status="PASS">
          <reporter-output>
          </reporter-output>
        </test-method> <!-- setup_Data -->
        <test-method signature="test_Post_User()[pri:1, instance:api.test.User_Tests@1bb5a082]" started-at="2024-04-20T16:52:37 CDT" name="test_Post_User" finished-at="2024-04-20T16:52:39 CDT" duration-ms="2214" status="PASS">
          <reporter-output>
          </reporter-output>
        </test-method> <!-- test_Post_User -->
        <test-method signature="test_Get_User_By_Name()[pri:2, instance:api.test.User_Tests@1bb5a082]" started-at="2024-04-20T16:52:39 CDT" name="test_Get_User_By_Name" finished-at="2024-04-20T16:52:39 CDT" duration-ms="277" status="PASS">
          <reporter-output>
          </reporter-output>
        </test-method> <!-- test_Get_User_By_Name -->
        <test-method signature="test_Update_User_By_Name()[pri:3, instance:api.test.User_Tests@1bb5a082]" started-at="2024-04-20T16:52:39 CDT" name="test_Update_User_By_Name" finished-at="2024-04-20T16:52:40 CDT" duration-ms="593" status="PASS">
          <reporter-output>
          </reporter-output>
        </test-method> <!-- test_Update_User_By_Name -->
        <test-method signature="test_Delete_User_By_Name()[pri:4, instance:api.test.User_Tests@1bb5a082]" started-at="2024-04-20T16:52:40 CDT" name="test_Delete_User_By_Name" finished-at="2024-04-20T16:52:40 CDT" duration-ms="235" status="PASS">
          <reporter-output>
          </reporter-output>
        </test-method> <!-- test_Delete_User_By_Name -->
      </class> <!-- api.test.User_Tests -->
    </test> <!-- Default test -->
  </suite> <!-- Default suite -->
</testng-results>
